<?xml version="1.0" encoding="UTF-8"?>
<!-- Generated by org.testng.reporters.JUnitReportReporter -->
<testsuite hostname="DESKTOP-CCGKBQ7" failures="0" tests="2" name="testcases_001.AccessPointTest" time="12.435" errors="0" timestamp="2024-03-21T17:49:19 IST" skipped="0">
  <testcase classname="testcases_001.AccessPointTest" name="AccessPointErrorMSG" time="8.892"/>
  <testcase classname="testcases_001.AccessPointTest" name="verifyWebUIIsClickable" time="3.543"/>
</testsuite> <!-- testcases_001.AccessPointTest -->
