<?xml version="1.0" encoding="UTF-8"?>
<!-- Generated by org.testng.reporters.JUnitReportReporter -->
<testsuite hostname="DESKTOP-CCGKBQ7" failures="0" tests="1" name="testcases_001.test002Test" time="6.175" errors="0" timestamp="2024-03-22T11:36:17 IST" skipped="0">
  <testcase classname="testcases_001.test002Test" name="test2" time="6.175"/>
</testsuite> <!-- testcases_001.test002Test -->
