<?xml version="1.0" encoding="UTF-8"?>
<!-- Generated by org.testng.reporters.JUnitReportReporter -->
<testsuite hostname="DESKTOP-CCGKBQ7" failures="0" tests="1" name="testcases_001.CreateUser" time="2.287" errors="0" timestamp="2024-02-29T16:37:37 IST" skipped="0">
  <testcase classname="testcases_001.CreateUser" name="create_User" time="2.287"/>
  <system-out/>
</testsuite> <!-- testcases_001.CreateUser -->
