<?xml version="1.0" encoding="UTF-8"?>
<!-- Generated by org.testng.reporters.JUnitReportReporter -->
<testsuite hostname="DESKTOP-CCGKBQ7" failures="0" tests="2" name="testcases_001.ForgotPass" time="4.458" errors="0" timestamp="2024-02-23T14:18:57 IST" skipped="0">
  <testcase classname="testcases_001.ForgotPass" name="testForgotPass" time="2.117"/>
  <system-out/>
  <testcase classname="testcases_001.ForgotPass" name="ForgotPasserrorMSG" time="2.341"/>
  <system-out/>
</testsuite> <!-- testcases_001.ForgotPass -->
