<?xml version="1.0" encoding="UTF-8"?>
<!-- Generated by org.testng.reporters.JUnitReportReporter -->
<testsuite hostname="DESKTOP-CCGKBQ7" failures="0" tests="1" name="testcases_001.GW_logintest001" time="3.804" errors="0" timestamp="2024-02-23T14:18:57 IST" skipped="0">
  <testcase classname="testcases_001.GW_logintest001" name="logintest" time="3.804"/>
  <system-out/>
</testsuite> <!-- testcases_001.GW_logintest001 -->
