<?xml version="1.0" encoding="UTF-8"?>
<!-- Generated by org.testng.reporters.JUnitReportReporter -->
<testsuite hostname="DESKTOP-CCGKBQ7" failures="0" tests="4" name="testcases_001.Navigation_dashboard_Maps" time="17.066" errors="0" timestamp="2024-02-23T14:18:57 IST" skipped="0">
  <testcase classname="testcases_001.Navigation_dashboard_Maps" name="test2" time="6.521"/>
  <system-out/>
  <testcase classname="testcases_001.Navigation_dashboard_Maps" name="test3" time="3.558"/>
  <system-out/>
  <testcase classname="testcases_001.Navigation_dashboard_Maps" name="test4" time="3.385"/>
  <system-out/>
  <testcase classname="testcases_001.Navigation_dashboard_Maps" name="test5" time="3.602"/>
  <system-out/>
</testsuite> <!-- testcases_001.Navigation_dashboard_Maps -->
