<?xml version="1.0" encoding="UTF-8"?>
<!-- Generated by org.testng.reporters.JUnitReportReporter -->
<testsuite hostname="DESKTOP-CCGKBQ7" failures="0" tests="1" name="testcases_001.test002" time="5.610" errors="0" timestamp="2024-02-23T14:34:46 IST" skipped="0">
  <testcase classname="testcases_001.test002" name="test2" time="5.610"/>
  <system-out/>
</testsuite> <!-- testcases_001.test002 -->
