<?xml version="1.0" encoding="UTF-8"?>
<!-- Generated by org.testng.reporters.JUnitReportReporter -->
<testsuite hostname="DESKTOP-CCGKBQ7" failures="0" tests="2" name="testcases_001.AccessPoint" time="11.931" errors="0" timestamp="2024-02-23T14:18:57 IST" skipped="0">
  <testcase classname="testcases_001.AccessPoint" name="AccessPointErrorMSG" time="8.060"/>
  <system-out/>
  <testcase classname="testcases_001.AccessPoint" name="verifyWebUIIsClickable" time="3.871"/>
  <system-out/>
</testsuite> <!-- testcases_001.AccessPoint -->
