<?xml version="1.0" encoding="UTF-8"?>
<!-- Generated by org.testng.reporters.JUnitReportReporter -->
<testsuite hostname="DESKTOP-CCGKBQ7" failures="0" tests="1" name="testcases_001.BandwidthProfile" time="9.473" errors="0" timestamp="2024-02-07T18:51:29 IST" skipped="0">
  <testcase classname="testcases_001.BandwidthProfile" name="logintest" time="9.473"/>
  <system-out/>
</testsuite> <!-- testcases_001.BandwidthProfile -->
